2024-09-03T22:51:08.039+02:00  INFO 26828 --- [PrimusNeonBackEnd] [main] f.d.p.a.PrimusNeonBackEndApplication     : Starting PrimusNeonBackEndApplication using Java 21.0.3 with PID 26828 (C:\MesProjetsJava\PrimusNeonProject\PrimusNeonWebParent\PrimusNeonBackEnd\target\classes started by Hkass in C:\MesProjetsJava\PrimusNeonProject\PrimusNeonWebParent\PrimusNeonBackEnd)
2024-09-03T22:51:08.041+02:00  INFO 26828 --- [PrimusNeonBackEnd] [main] f.d.p.a.PrimusNeonBackEndApplication     : No active profile set, falling back to 1 default profile: "default"
2024-09-03T22:51:08.702+02:00  INFO 26828 --- [PrimusNeonBackEnd] [main] .s.d.r.c.RepositoryConfigurationDelegate : Bootstrapping Spring Data JPA repositories in DEFAULT mode.
2024-09-03T22:51:08.769+02:00  INFO 26828 --- [PrimusNeonBackEnd] [main] .s.d.r.c.RepositoryConfigurationDelegate : Finished Spring Data repository scanning in 57 ms. Found 2 JPA repository interfaces.
2024-09-03T22:51:09.243+02:00  INFO 26828 --- [PrimusNeonBackEnd] [main] o.s.b.w.embedded.tomcat.TomcatWebServer  : Tomcat initialized with port 8089 (http)
2024-09-03T22:51:09.255+02:00  INFO 26828 --- [PrimusNeonBackEnd] [main] o.apache.catalina.core.StandardService   : Starting service [Tomcat]
2024-09-03T22:51:09.255+02:00  INFO 26828 --- [PrimusNeonBackEnd] [main] o.apache.catalina.core.StandardEngine    : Starting Servlet engine: [Apache Tomcat/10.1.26]
2024-09-03T22:51:09.311+02:00  INFO 26828 --- [PrimusNeonBackEnd] [main] o.a.c.c.C.[.[.[/PrimusNeonAdmin]         : Initializing Spring embedded WebApplicationContext
2024-09-03T22:51:09.312+02:00  INFO 26828 --- [PrimusNeonBackEnd] [main] w.s.c.ServletWebServerApplicationContext : Root WebApplicationContext: initialization completed in 1228 ms
2024-09-03T22:51:09.459+02:00  INFO 26828 --- [PrimusNeonBackEnd] [main] o.hibernate.jpa.internal.util.LogHelper  : HHH000204: Processing PersistenceUnitInfo [name: default]
2024-09-03T22:51:09.518+02:00  INFO 26828 --- [PrimusNeonBackEnd] [main] org.hibernate.Version                    : HHH000412: Hibernate ORM core version 6.5.2.Final
2024-09-03T22:51:09.550+02:00  INFO 26828 --- [PrimusNeonBackEnd] [main] o.h.c.internal.RegionFactoryInitiator    : HHH000026: Second-level cache disabled
2024-09-03T22:51:09.830+02:00  INFO 26828 --- [PrimusNeonBackEnd] [main] o.s.o.j.p.SpringPersistenceUnitInfo      : No LoadTimeWeaver setup: ignoring JPA class transformer
2024-09-03T22:51:09.858+02:00  INFO 26828 --- [PrimusNeonBackEnd] [main] com.zaxxer.hikari.HikariDataSource       : HikariPool-1 - Starting...
2024-09-03T22:51:10.143+02:00  INFO 26828 --- [PrimusNeonBackEnd] [main] com.zaxxer.hikari.pool.HikariPool        : HikariPool-1 - Added connection com.mysql.cj.jdbc.ConnectionImpl@563843f1
2024-09-03T22:51:10.146+02:00  INFO 26828 --- [PrimusNeonBackEnd] [main] com.zaxxer.hikari.HikariDataSource       : HikariPool-1 - Start completed.
2024-09-03T22:51:11.031+02:00  INFO 26828 --- [PrimusNeonBackEnd] [main] o.h.e.t.j.p.i.JtaPlatformInitiator       : HHH000489: No JTA platform available (set 'hibernate.transaction.jta.platform' to enable JTA platform integration)
2024-09-03T22:51:11.105+02:00  INFO 26828 --- [PrimusNeonBackEnd] [main] j.LocalContainerEntityManagerFactoryBean : Initialized JPA EntityManagerFactory for persistence unit 'default'
2024-09-03T22:51:11.326+02:00  INFO 26828 --- [PrimusNeonBackEnd] [main] o.s.d.j.r.query.QueryEnhancerFactory     : Hibernate is in classpath; If applicable, HQL parser will be used.
2024-09-03T22:51:11.936+02:00  WARN 26828 --- [PrimusNeonBackEnd] [main] JpaBaseConfiguration$JpaWebConfiguration : spring.jpa.open-in-view is enabled by default. Therefore, database queries may be performed during view rendering. Explicitly configure spring.jpa.open-in-view to disable this warning
2024-09-03T22:51:11.962+02:00  INFO 26828 --- [PrimusNeonBackEnd] [main] eAuthenticationProviderManagerConfigurer : Global AuthenticationManager configured with AuthenticationProvider bean with name authenticationProvider
2024-09-03T22:51:11.963+02:00  WARN 26828 --- [PrimusNeonBackEnd] [main] r$InitializeUserDetailsManagerConfigurer : Global AuthenticationManager configured with an AuthenticationProvider bean. UserDetailsService beans will not be used for username/password login. Consider removing the AuthenticationProvider bean. Alternatively, consider using the UserDetailsService in a manually instantiated DaoAuthenticationProvider.
2024-09-03T22:51:12.029+02:00  INFO 26828 --- [PrimusNeonBackEnd] [main] o.s.b.a.w.s.WelcomePageHandlerMapping    : Adding welcome page template: index
2024-09-03T22:51:12.655+02:00  INFO 26828 --- [PrimusNeonBackEnd] [main] o.s.b.w.embedded.tomcat.TomcatWebServer  : Tomcat started on port 8089 (http) with context path '/PrimusNeonAdmin'
2024-09-03T22:51:12.662+02:00  INFO 26828 --- [PrimusNeonBackEnd] [main] f.d.p.a.PrimusNeonBackEndApplication     : Started PrimusNeonBackEndApplication in 4.946 seconds (process running for 5.488)
2024-09-03T22:51:47.123+02:00  INFO 26828 --- [PrimusNeonBackEnd] [http-nio-8089-exec-1] o.a.c.c.C.[.[.[/PrimusNeonAdmin]         : Initializing Spring DispatcherServlet 'dispatcherServlet'
2024-09-03T22:51:47.123+02:00  INFO 26828 --- [PrimusNeonBackEnd] [http-nio-8089-exec-1] o.s.web.servlet.DispatcherServlet        : Initializing Servlet 'dispatcherServlet'
2024-09-03T22:51:47.124+02:00  INFO 26828 --- [PrimusNeonBackEnd] [http-nio-8089-exec-1] o.s.web.servlet.DispatcherServlet        : Completed initialization in 1 ms
2024-09-03T22:54:37.351+02:00 ERROR 26828 --- [PrimusNeonBackEnd] [http-nio-8089-exec-2] f.d.primus_neon.admin.FileUploadUtil     : Impossible de répertorier le dossier: user-photos/19
2024-09-03T23:11:23.360+02:00  INFO 26828 --- [PrimusNeonBackEnd] [RMI TCP Connection(29)-127.0.0.1] inMXBeanRegistrar$SpringApplicationAdmin : Application shutdown requested.
2024-09-03T23:11:23.372+02:00  INFO 26828 --- [PrimusNeonBackEnd] [RMI TCP Connection(29)-127.0.0.1] j.LocalContainerEntityManagerFactoryBean : Closing JPA EntityManagerFactory for persistence unit 'default'
2024-09-03T23:11:23.374+02:00  INFO 26828 --- [PrimusNeonBackEnd] [RMI TCP Connection(29)-127.0.0.1] com.zaxxer.hikari.HikariDataSource       : HikariPool-1 - Shutdown initiated...
2024-09-03T23:11:23.381+02:00  INFO 26828 --- [PrimusNeonBackEnd] [RMI TCP Connection(29)-127.0.0.1] com.zaxxer.hikari.HikariDataSource       : HikariPool-1 - Shutdown completed.
